2025-02-24 03:41:20,242 - MY_APP - Initializing Japanese Learning App...
2025-02-24 03:41:20,361 - MY_APP - Entering render_setup_state
2025-02-24 03:41:20,362 - MY_APP - No vocabulary loaded
2025-02-24 03:49:37,286 - MY_APP - Initializing Japanese Learning App...
2025-02-24 03:49:37,411 - MY_APP - Entering render_setup_state
2025-02-24 03:49:37,411 - MY_APP - No vocabulary loaded
2025-02-24 03:51:01,916 - MY_APP - Initializing Japanese Learning App...
2025-02-24 03:51:02,039 - MY_APP - Entering render_setup_state
2025-02-24 03:51:02,039 - MY_APP - No vocabulary loaded
2025-02-24 03:53:40,797 - MY_APP - Initializing Japanese Learning App...
2025-02-24 03:53:40,931 - MY_APP - Entering render_setup_state
2025-02-24 03:53:40,932 - MY_APP - No vocabulary loaded
2025-02-24 03:55:22,587 - MY_APP - Initializing Japanese Learning App...
2025-02-24 03:55:22,705 - MY_APP - Entering render_setup_state
2025-02-24 03:55:22,706 - MY_APP - No vocabulary loaded
2025-02-24 03:56:18,208 - MY_APP - Initializing Japanese Learning App...
2025-02-24 03:56:18,210 - MY_APP - No group_id provided, using default vocabulary
2025-02-24 03:56:18,210 - MY_APP - Entering render_setup_state
2025-02-24 03:56:18,332 - MY_APP - Generate button state: False
2025-02-24 03:56:20,639 - MY_APP - Initializing Japanese Learning App...
2025-02-24 03:56:20,639 - MY_APP - No group_id provided, using default vocabulary
2025-02-24 04:00:03,038 - MY_APP - Initializing Japanese Learning App...
2025-02-24 04:00:03,040 - MY_APP - No group_id provided, using default vocabulary
2025-02-24 04:00:03,041 - MY_APP - Entering render_setup_state
2025-02-24 04:00:03,042 - MY_APP - Generate button state: False
2025-02-24 04:00:06,462 - MY_APP - Initializing Japanese Learning App...
2025-02-24 04:00:06,462 - MY_APP - No group_id provided, using default vocabulary
2025-02-24 04:02:53,723 - MY_APP - Initializing Japanese Learning App...
2025-02-24 04:02:53,725 - MY_APP - No group_id provided, using default vocabulary
2025-02-24 04:03:18,670 - MY_APP - Initializing Japanese Learning App...
2025-02-24 04:03:18,671 - MY_APP - No group_id provided, using default vocabulary
2025-02-24 04:05:54,187 - MY_APP - Initializing Japanese Learning App...
2025-02-24 04:05:54,188 - MY_APP - No group_id provided, using default vocabulary
2025-02-24 04:06:06,892 - MY_APP - Initializing Japanese Learning App...
2025-02-24 04:06:06,894 - MY_APP - No group_id provided, using default vocabulary
2025-02-24 04:06:38,917 - MY_APP - Initializing Japanese Learning App...
2025-02-24 04:06:38,919 - MY_APP - No group_id provided, using default vocabulary
2025-02-24 04:07:16,059 - MY_APP - Initializing Japanese Learning App...
2025-02-24 04:07:16,061 - MY_APP - No group_id provided, using default vocabulary
2025-02-24 04:08:38,540 - MY_APP - Initializing Japanese Learning App...
2025-02-24 04:08:38,541 - MY_APP - No group_id provided, using default vocabulary
2025-02-24 04:10:14,737 - MY_APP - Initializing Japanese Learning App...
2025-02-24 04:10:14,738 - MY_APP - No group_id provided, using default vocabulary
2025-02-24 04:13:33,920 - MY_APP - Initializing Japanese Learning App...
2025-02-24 04:13:33,921 - MY_APP - No group_id provided, using default vocabulary
2025-02-24 04:14:44,976 - MY_APP - Initializing Japanese Learning App...
2025-02-24 04:14:44,978 - MY_APP - No group_id provided, using default vocabulary
2025-02-24 04:17:41,205 - MY_APP - Initializing Japanese Learning App...
2025-02-24 04:17:41,206 - MY_APP - No group_id provided, using default vocabulary
2025-02-24 04:17:41,206 - MY_APP - Entering render_setup_state
2025-02-24 04:17:41,207 - MY_APP - Generate button state: False
2025-02-24 04:17:42,508 - MY_APP - Initializing Japanese Learning App...
2025-02-24 04:17:42,509 - MY_APP - No group_id provided, using default vocabulary
2025-02-24 19:55:41,203 - MY_APP - Initializing Japanese Learning App...
2025-02-24 19:55:41,204 - MY_APP - No group_id provided, using default vocabulary
2025-02-24 19:55:41,205 - MY_APP - Entering render_setup_state
2025-02-24 19:55:41,206 - MY_APP - Generate button state: False
2025-02-24 19:55:43,018 - MY_APP - Initializing Japanese Learning App...
2025-02-24 19:55:43,018 - MY_APP - No group_id provided, using default vocabulary
2025-02-24 19:59:34,936 - MY_APP - Initializing Japanese Learning App...
2025-02-24 19:59:34,937 - MY_APP - No group_id provided, using default vocabulary
2025-02-24 19:59:34,937 - MY_APP - Entering render_setup_state
2025-02-24 19:59:34,938 - MY_APP - Generate button state: False
2025-02-24 19:59:36,432 - MY_APP - Initializing Japanese Learning App...
2025-02-24 19:59:36,433 - MY_APP - No group_id provided, using default vocabulary
2025-02-24 20:03:04,195 - MY_APP - Initializing Japanese Learning App...
2025-02-24 20:03:04,196 - MY_APP - No group_id provided, using default vocabulary
2025-02-24 20:03:04,196 - MY_APP - Entering render_setup_state
2025-02-24 20:03:04,197 - MY_APP - Generate button state: False
2025-02-24 20:03:06,201 - MY_APP - Initializing Japanese Learning App...
2025-02-24 20:03:06,201 - MY_APP - No group_id provided, using default vocabulary
2025-02-24 20:09:27,545 - MY_APP - Initializing Japanese Learning App...
2025-02-24 20:09:27,545 - MY_APP - No group_id provided, using default vocabulary
2025-02-24 20:15:33,063 - MY_APP - Initializing Japanese Learning App...
2025-02-24 20:15:33,064 - MY_APP - No group_id provided, using default vocabulary
2025-02-24 20:17:40,767 - MY_APP - Initializing Japanese Learning App...
2025-02-24 20:17:40,768 - MY_APP - No group_id provided, using default vocabulary
2025-02-24 20:19:09,578 - MY_APP - Initializing Japanese Learning App...
2025-02-24 20:19:09,579 - MY_APP - No group_id provided, using default vocabulary
2025-02-24 20:23:01,564 - MY_APP - Initializing Japanese Learning App...
2025-02-24 20:23:01,565 - MY_APP - No group_id provided, using default vocabulary
2025-02-24 20:29:19,059 - MY_APP - Initializing Japanese Learning App...
2025-02-24 20:29:19,060 - MY_APP - No group_id provided, using default vocabulary
2025-02-24 20:29:19,060 - MY_APP - Entering render_setup_state
2025-02-24 20:29:19,061 - MY_APP - Generate button state: False
2025-02-24 20:29:22,355 - MY_APP - Initializing Japanese Learning App...
2025-02-24 20:29:22,355 - MY_APP - No group_id provided, using default vocabulary
2025-02-25 04:49:34,874 - MY_APP - Initializing Japanese Learning App...
2025-02-25 04:49:34,876 - MY_APP - No group_id provided, using default vocabulary
2025-02-25 04:49:34,876 - MY_APP - Entering render_setup_state
2025-02-25 04:49:34,876 - MY_APP - Generate button state: False
2025-02-25 04:49:35,978 - MY_APP - Initializing Japanese Learning App...
2025-02-25 04:49:35,978 - MY_APP - No group_id provided, using default vocabulary
